TN:
SF:/Users/zhangqi/work/projects/assets/admin/src/api.ts
FNF:0
FNH:0
DA:1,1
LF:1
LH:1
BRF:0
BRH:0
end_of_record
TN:
SF:/Users/zhangqi/work/projects/assets/admin/src/polyfills.ts
FNF:0
FNH:0
DA:22,1
DA:23,1
DA:24,1
DA:25,1
DA:26,1
DA:27,1
DA:28,1
DA:29,1
DA:30,1
DA:31,1
DA:32,1
DA:33,1
DA:34,1
DA:35,1
DA:38,1
DA:41,1
DA:42,1
DA:44,1
DA:58,1
LF:19
LH:19
BRF:0
BRH:0
end_of_record
TN:
SF:/Users/zhangqi/work/projects/assets/admin/src/test.ts
FNF:0
FNH:0
DA:3,1
DA:4,1
DA:5,1
DA:13,1
DA:19,1
DA:21,1
LF:6
LH:6
BRF:0
BRH:0
end_of_record
TN:
SF:/Users/zhangqi/work/projects/assets/admin/src/app/core/i18n/i18n.service.ts
FN:63,(anonymous_0)
FN:72,I18NService
FN:67,(anonymous_2)
FN:80,(anonymous_3)
FN:87,(anonymous_4)
FN:95,(anonymous_5)
FN:96,(anonymous_6)
FN:99,(anonymous_7)
FN:103,(anonymous_8)
FN:106,(anonymous_9)
FN:110,(anonymous_10)
FN:114,(anonymous_11)
FN:118,(anonymous_12)
FNF:13
FNH:11
FNDA:1,(anonymous_0)
FNDA:4,I18NService
FNDA:12,(anonymous_2)
FNDA:12,(anonymous_3)
FNDA:5,(anonymous_4)
FNDA:1,(anonymous_5)
FNDA:1,(anonymous_6)
FNDA:1,(anonymous_7)
FNDA:0,(anonymous_8)
FNDA:0,(anonymous_9)
FNDA:2,(anonymous_10)
FNDA:3,(anonymous_11)
FNDA:1,(anonymous_12)
DA:2,1
DA:3,1
DA:4,1
DA:6,1
DA:7,1
DA:8,1
DA:9,1
DA:11,1
DA:12,1
DA:13,1
DA:14,1
DA:15,1
DA:16,1
DA:34,1
DA:35,1
DA:63,1
DA:64,4
DA:65,4
DA:67,4
DA:68,12
DA:69,12
DA:74,4
DA:75,4
DA:76,4
DA:78,4
DA:80,12
DA:81,4
DA:83,4
DA:84,4
DA:87,1
DA:88,5
DA:89,5
DA:90,5
DA:91,5
DA:92,5
DA:95,1
DA:96,1
DA:99,1
DA:100,1
DA:101,1
DA:102,1
DA:103,1
DA:106,1
DA:107,0
DA:110,1
DA:111,2
DA:114,1
DA:115,3
DA:118,1
DA:119,1
DA:125,1
LF:51
LH:50
BRDA:78,0,0,4
BRDA:78,0,1,3
BRDA:83,1,0,3
BRDA:83,1,1,1
BRDA:100,2,0,1
BRDA:100,2,1,0
BRDA:101,3,0,0
BRDA:101,3,1,1
BRDA:120,4,0,1
BRDA:120,4,1,1
BRDA:120,4,2,1
BRF:11
BRH:9
end_of_record
TN:
SF:/Users/zhangqi/work/projects/assets/admin/src/app/routes/contract/contract.service.ts
FN:8,(anonymous_0)
FN:9,ContractService
FN:13,(anonymous_2)
FN:14,(anonymous_3)
FN:16,(anonymous_4)
FN:23,(anonymous_5)
FN:24,(anonymous_6)
FN:25,(anonymous_7)
FNF:8
FNH:2
FNDA:1,(anonymous_0)
FNDA:15,ContractService
FNDA:0,(anonymous_2)
FNDA:0,(anonymous_3)
FNDA:0,(anonymous_4)
FNDA:0,(anonymous_5)
FNDA:0,(anonymous_6)
FNDA:0,(anonymous_7)
DA:1,1
DA:3,1
DA:8,1
DA:10,15
DA:13,1
DA:14,0
DA:15,0
DA:16,0
DA:17,0
DA:23,1
DA:24,0
DA:25,0
DA:26,0
DA:34,1
LF:14
LH:7
BRF:0
BRH:0
end_of_record
TN:
SF:/Users/zhangqi/work/projects/assets/admin/src/app/routes/contract/cancel/cancel.component.ts
FN:21,(anonymous_0)
FN:129,CancelComponent
FN:118,(anonymous_2)
FN:144,(anonymous_3)
FN:183,(anonymous_4)
FN:189,(anonymous_5)
FN:191,(anonymous_6)
FN:204,(anonymous_7)
FN:221,(anonymous_8)
FN:226,(anonymous_9)
FN:236,(anonymous_10)
FN:240,(anonymous_11)
FN:247,(anonymous_12)
FN:255,(anonymous_13)
FN:271,(anonymous_14)
FN:282,(anonymous_15)
FN:284,(anonymous_16)
FN:291,(anonymous_17)
FN:303,(anonymous_18)
FN:311,(anonymous_19)
FN:333,(anonymous_20)
FN:346,(anonymous_21)
FN:353,(anonymous_22)
FN:370,(anonymous_23)
FN:375,(anonymous_24)
FNF:25
FNH:6
FNDA:1,(anonymous_0)
FNDA:3,CancelComponent
FNDA:0,(anonymous_2)
FNDA:4,(anonymous_3)
FNDA:4,(anonymous_4)
FNDA:1,(anonymous_5)
FNDA:1,(anonymous_6)
FNDA:0,(anonymous_7)
FNDA:0,(anonymous_8)
FNDA:0,(anonymous_9)
FNDA:0,(anonymous_10)
FNDA:0,(anonymous_11)
FNDA:0,(anonymous_12)
FNDA:0,(anonymous_13)
FNDA:0,(anonymous_14)
FNDA:0,(anonymous_15)
FNDA:0,(anonymous_16)
FNDA:0,(anonymous_17)
FNDA:0,(anonymous_18)
FNDA:0,(anonymous_19)
FNDA:0,(anonymous_20)
FNDA:0,(anonymous_21)
FNDA:0,(anonymous_22)
FNDA:0,(anonymous_23)
FNDA:0,(anonymous_24)
DA:1,1
DA:9,1
DA:10,1
DA:12,1
DA:13,1
DA:21,1
DA:24,3
DA:26,3
DA:27,3
DA:28,3
DA:29,3
DA:30,3
DA:31,3
DA:32,3
DA:33,3
DA:34,3
DA:52,3
DA:69,3
DA:70,3
DA:71,3
DA:97,3
DA:98,3
DA:99,3
DA:109,3
DA:112,3
DA:113,3
DA:116,3
DA:121,3
DA:130,3
DA:131,3
DA:132,3
DA:133,3
DA:134,3
DA:137,3
DA:138,3
DA:144,1
DA:146,4
DA:178,4
DA:183,4
DA:184,4
DA:185,4
DA:186,3
DA:189,1
DA:190,1
DA:191,1
DA:192,1
DA:194,1
DA:195,1
DA:196,1
DA:204,1
DA:206,0
DA:207,0
DA:208,0
DA:210,0
DA:214,0
DA:217,0
DA:221,1
DA:222,0
DA:223,0
DA:224,0
DA:225,0
DA:227,0
DA:236,1
DA:237,0
DA:240,1
DA:241,0
DA:242,0
DA:247,1
DA:248,0
DA:249,0
DA:250,0
DA:251,0
DA:252,0
DA:256,0
DA:257,0
DA:258,0
DA:260,0
DA:261,0
DA:264,0
DA:271,1
DA:272,0
DA:282,1
DA:283,0
DA:285,0
DA:286,0
DA:291,1
DA:292,0
DA:293,0
DA:294,0
DA:295,0
DA:296,0
DA:297,0
DA:298,0
DA:300,0
DA:302,0
DA:304,0
DA:305,0
DA:308,0
DA:311,1
DA:312,0
DA:313,0
DA:314,0
DA:315,0
DA:317,0
DA:318,0
DA:319,0
DA:320,0
DA:322,0
DA:323,0
DA:324,0
DA:326,0
DA:327,0
DA:328,0
DA:332,0
DA:334,0
DA:335,0
DA:336,0
DA:338,0
DA:346,1
DA:347,0
DA:349,0
DA:350,0
DA:351,0
DA:352,0
DA:354,0
DA:355,0
DA:360,0
DA:361,0
DA:370,1
DA:371,0
DA:375,1
DA:376,0
DA:377,0
DA:383,0
DA:389,0
DA:391,1
LF:136
LH:62
BRDA:185,0,0,3
BRDA:185,0,1,1
BRDA:194,1,0,1
BRDA:194,1,1,0
BRDA:210,2,0,0
BRDA:210,2,1,0
BRDA:256,3,0,0
BRDA:256,3,1,0
BRDA:257,4,0,0
BRDA:257,4,1,0
BRDA:313,5,0,0
BRDA:313,5,1,0
BRDA:318,6,0,0
BRDA:318,6,1,0
BRDA:322,7,0,0
BRDA:322,7,1,0
BRDA:322,8,0,0
BRDA:322,8,1,0
BRDA:322,8,2,0
BRDA:326,9,0,0
BRDA:326,9,1,0
BRDA:326,10,0,0
BRDA:326,10,1,0
BRDA:326,10,2,0
BRDA:335,11,0,0
BRDA:335,11,1,0
BRDA:376,12,0,0
BRDA:376,12,1,0
BRF:28
BRH:3
end_of_record
TN:
SF:/Users/zhangqi/work/projects/assets/admin/src/app/routes/contract/change/change.component.ts
FN:22,(anonymous_0)
FN:65,ChangeComponent
FN:78,(anonymous_2)
FN:88,(anonymous_3)
FN:91,(anonymous_4)
FN:103,(anonymous_5)
FN:114,(anonymous_6)
FN:119,(anonymous_7)
FN:125,(anonymous_8)
FN:132,(anonymous_9)
FN:140,(anonymous_10)
FN:156,(anonymous_11)
FN:161,(anonymous_12)
FN:169,(anonymous_13)
FN:171,(anonymous_14)
FNF:15
FNH:5
FNDA:1,(anonymous_0)
FNDA:3,ChangeComponent
FNDA:4,(anonymous_2)
FNDA:4,(anonymous_3)
FNDA:4,(anonymous_4)
FNDA:0,(anonymous_5)
FNDA:0,(anonymous_6)
FNDA:0,(anonymous_7)
FNDA:0,(anonymous_8)
FNDA:0,(anonymous_9)
FNDA:0,(anonymous_10)
FNDA:0,(anonymous_11)
FNDA:0,(anonymous_12)
FNDA:0,(anonymous_13)
FNDA:0,(anonymous_14)
DA:1,1
DA:9,1
DA:10,1
DA:13,1
DA:14,1
DA:22,1
DA:24,3
DA:28,3
DA:29,3
DA:30,3
DA:31,3
DA:32,3
DA:33,3
DA:34,3
DA:35,3
DA:49,3
DA:66,3
DA:67,3
DA:68,3
DA:69,3
DA:70,3
DA:72,3
DA:73,3
DA:78,4
DA:79,4
DA:88,4
DA:89,4
DA:90,4
DA:91,4
DA:92,4
DA:94,4
DA:95,4
DA:103,1
DA:105,0
DA:106,0
DA:107,0
DA:109,0
DA:110,0
DA:114,1
DA:115,0
DA:116,0
DA:117,0
DA:118,0
DA:120,0
DA:125,1
DA:126,0
DA:127,0
DA:132,1
DA:133,0
DA:134,0
DA:135,0
DA:136,0
DA:137,0
DA:141,0
DA:142,0
DA:143,0
DA:145,0
DA:146,0
DA:149,0
DA:156,1
DA:157,0
DA:161,1
DA:162,0
DA:169,1
DA:170,0
DA:172,0
DA:173,0
DA:180,1
LF:68
LH:40
BRDA:90,0,0,4
BRDA:90,0,1,0
BRDA:94,1,0,4
BRDA:94,1,1,0
BRDA:109,2,0,0
BRDA:109,2,1,0
BRDA:141,3,0,0
BRDA:141,3,1,0
BRDA:142,4,0,0
BRDA:142,4,1,0
BRF:10
BRH:2
end_of_record
TN:
SF:/Users/zhangqi/work/projects/assets/admin/src/app/routes/contract/end/end.component.ts
FN:21,(anonymous_0)
FN:136,EndComponent
FN:126,(anonymous_2)
FN:148,(anonymous_3)
FN:186,(anonymous_4)
FN:188,(anonymous_5)
FN:194,(anonymous_6)
FN:223,(anonymous_7)
FN:239,(anonymous_8)
FN:245,(anonymous_9)
FN:251,(anonymous_10)
FN:256,(anonymous_11)
FN:261,(anonymous_12)
FN:269,(anonymous_13)
FN:285,(anonymous_14)
FN:295,(anonymous_15)
FN:297,(anonymous_16)
FN:305,(anonymous_17)
FN:315,(anonymous_18)
FN:323,(anonymous_19)
FN:350,(anonymous_20)
FN:365,(anonymous_21)
FN:369,(anonymous_22)
FN:376,(anonymous_23)
FN:393,(anonymous_24)
FN:398,(anonymous_25)
FNF:26
FNH:6
FNDA:1,(anonymous_0)
FNDA:3,EndComponent
FNDA:0,(anonymous_2)
FNDA:4,(anonymous_3)
FNDA:4,(anonymous_4)
FNDA:4,(anonymous_5)
FNDA:48,(anonymous_6)
FNDA:0,(anonymous_7)
FNDA:0,(anonymous_8)
FNDA:0,(anonymous_9)
FNDA:0,(anonymous_10)
FNDA:0,(anonymous_11)
FNDA:0,(anonymous_12)
FNDA:0,(anonymous_13)
FNDA:0,(anonymous_14)
FNDA:0,(anonymous_15)
FNDA:0,(anonymous_16)
FNDA:0,(anonymous_17)
FNDA:0,(anonymous_18)
FNDA:0,(anonymous_19)
FNDA:0,(anonymous_20)
FNDA:0,(anonymous_21)
FNDA:0,(anonymous_22)
FNDA:0,(anonymous_23)
FNDA:0,(anonymous_24)
FNDA:0,(anonymous_25)
DA:1,1
DA:9,1
DA:10,1
DA:12,1
DA:13,1
DA:21,1
DA:24,3
DA:27,3
DA:28,3
DA:29,3
DA:30,3
DA:31,3
DA:32,3
DA:33,3
DA:34,3
DA:35,3
DA:57,3
DA:75,3
DA:76,3
DA:77,3
DA:105,3
DA:106,3
DA:107,3
DA:117,3
DA:120,3
DA:121,3
DA:124,3
DA:129,3
DA:137,3
DA:138,3
DA:139,3
DA:140,3
DA:141,3
DA:143,3
DA:144,3
DA:148,4
DA:150,4
DA:185,4
DA:187,4
DA:188,4
DA:189,4
DA:191,4
DA:192,4
DA:194,4
DA:195,48
DA:196,12
DA:197,4
DA:199,8
DA:223,1
DA:225,0
DA:226,0
DA:227,0
DA:229,0
DA:232,0
DA:235,0
DA:239,1
DA:240,0
DA:241,0
DA:242,0
DA:244,0
DA:246,0
DA:251,1
DA:252,0
DA:253,0
DA:256,1
DA:257,0
DA:261,1
DA:262,0
DA:263,0
DA:264,0
DA:265,0
DA:266,0
DA:270,0
DA:271,0
DA:272,0
DA:274,0
DA:275,0
DA:278,0
DA:285,1
DA:286,0
DA:295,1
DA:296,0
DA:298,0
DA:299,0
DA:305,1
DA:306,0
DA:307,0
DA:308,0
DA:309,0
DA:310,0
DA:311,0
DA:313,0
DA:314,0
DA:316,0
DA:317,0
DA:320,0
DA:323,1
DA:324,0
DA:325,0
DA:326,0
DA:327,0
DA:329,0
DA:330,0
DA:331,0
DA:332,0
DA:334,0
DA:335,0
DA:336,0
DA:338,0
DA:339,0
DA:340,0
DA:342,0
DA:343,0
DA:344,0
DA:349,0
DA:351,0
DA:352,0
DA:353,0
DA:355,0
DA:365,1
DA:366,0
DA:369,1
DA:370,0
DA:372,0
DA:373,0
DA:374,0
DA:375,0
DA:377,0
DA:378,0
DA:383,0
DA:384,0
DA:393,1
DA:394,0
DA:398,1
DA:399,0
DA:400,0
DA:406,0
DA:412,0
DA:414,1
LF:139
LH:62
BRDA:191,0,0,4
BRDA:191,0,1,0
BRDA:195,1,0,12
BRDA:195,1,1,36
BRDA:196,2,0,4
BRDA:196,2,1,8
BRDA:229,3,0,0
BRDA:229,3,1,0
BRDA:270,4,0,0
BRDA:270,4,1,0
BRDA:271,5,0,0
BRDA:271,5,1,0
BRDA:325,6,0,0
BRDA:325,6,1,0
BRDA:330,7,0,0
BRDA:330,7,1,0
BRDA:334,8,0,0
BRDA:334,8,1,0
BRDA:334,9,0,0
BRDA:334,9,1,0
BRDA:334,9,2,0
BRDA:338,10,0,0
BRDA:338,10,1,0
BRDA:338,11,0,0
BRDA:338,11,1,0
BRDA:338,11,2,0
BRDA:342,12,0,0
BRDA:342,12,1,0
BRDA:342,13,0,0
BRDA:342,13,1,0
BRDA:342,13,2,0
BRDA:352,14,0,0
BRDA:352,14,1,0
BRDA:399,15,0,0
BRDA:399,15,1,0
BRF:35
BRH:5
end_of_record
TN:
SF:/Users/zhangqi/work/projects/assets/admin/src/app/routes/contract/inquiry/inquiry.component.ts
FN:23,(anonymous_0)
FN:148,InquiryComponent
FN:158,(anonymous_2)
FN:161,(anonymous_3)
FN:164,(anonymous_4)
FN:211,(anonymous_5)
FN:223,(anonymous_6)
FN:225,(anonymous_7)
FN:233,(anonymous_8)
FN:245,(anonymous_9)
FN:253,(anonymous_10)
FN:260,(anonymous_11)
FN:265,(anonymous_12)
FN:272,(anonymous_13)
FN:278,(anonymous_14)
FN:280,(anonymous_15)
FN:291,(anonymous_16)
FN:296,(anonymous_17)
FN:311,(anonymous_18)
FN:324,(anonymous_19)
FN:329,(anonymous_20)
FN:338,(anonymous_21)
FNF:22
FNH:6
FNDA:1,(anonymous_0)
FNDA:3,InquiryComponent
FNDA:4,(anonymous_2)
FNDA:4,(anonymous_3)
FNDA:4,(anonymous_4)
FNDA:0,(anonymous_5)
FNDA:0,(anonymous_6)
FNDA:0,(anonymous_7)
FNDA:0,(anonymous_8)
FNDA:0,(anonymous_9)
FNDA:0,(anonymous_10)
FNDA:0,(anonymous_11)
FNDA:0,(anonymous_12)
FNDA:0,(anonymous_13)
FNDA:0,(anonymous_14)
FNDA:0,(anonymous_15)
FNDA:0,(anonymous_16)
FNDA:0,(anonymous_17)
FNDA:0,(anonymous_18)
FNDA:4,(anonymous_19)
FNDA:0,(anonymous_20)
FNDA:0,(anonymous_21)
DA:1,1
DA:9,1
DA:10,1
DA:11,1
DA:14,1
DA:15,1
DA:23,1
DA:24,3
DA:26,3
DA:28,3
DA:29,3
DA:30,3
DA:31,3
DA:33,3
DA:34,3
DA:35,3
DA:36,3
DA:37,3
DA:38,3
DA:39,3
DA:61,3
DA:78,3
DA:98,3
DA:100,3
DA:101,3
DA:127,3
DA:141,3
DA:149,3
DA:150,3
DA:151,3
DA:152,3
DA:153,3
DA:154,3
DA:158,4
DA:160,4
DA:162,4
DA:163,4
DA:164,4
DA:165,4
DA:167,4
DA:168,4
DA:172,4
DA:207,4
DA:211,1
DA:212,0
DA:213,0
DA:214,0
DA:217,0
DA:218,0
DA:220,0
DA:223,1
DA:224,0
DA:226,0
DA:227,0
DA:233,1
DA:235,0
DA:236,0
DA:237,0
DA:239,0
DA:242,0
DA:245,1
DA:246,0
DA:247,0
DA:248,0
DA:249,0
DA:250,0
DA:252,0
DA:254,0
DA:260,1
DA:261,0
DA:265,1
DA:266,0
DA:267,0
DA:268,0
DA:272,1
DA:275,0
DA:276,0
DA:277,0
DA:279,0
DA:280,0
DA:282,0
DA:284,0
DA:287,0
DA:291,1
DA:292,0
DA:296,1
DA:298,0
DA:300,0
DA:301,0
DA:302,0
DA:303,0
DA:305,0
DA:306,0
DA:307,0
DA:308,0
DA:312,0
DA:313,0
DA:314,0
DA:315,0
DA:317,0
DA:324,1
DA:325,4
DA:329,1
DA:330,0
DA:331,0
DA:332,0
DA:333,0
DA:336,0
DA:337,0
DA:339,0
DA:340,0
DA:343,0
DA:344,0
DA:347,0
DA:348,0
DA:359,1
LF:116
LH:56
BRDA:167,0,0,4
BRDA:167,0,1,0
BRDA:212,1,0,0
BRDA:212,1,1,0
BRDA:239,2,0,0
BRDA:239,2,1,0
BRDA:249,3,0,0
BRDA:249,3,1,0
BRDA:249,4,0,0
BRDA:249,4,1,0
BRDA:301,5,0,0
BRDA:301,5,1,0
BRDA:301,6,0,0
BRDA:301,6,1,0
BRDA:312,7,0,0
BRDA:312,7,1,0
BRDA:314,8,0,0
BRDA:314,8,1,0
BRDA:331,9,0,0
BRDA:331,9,1,0
BRDA:336,10,0,0
BRDA:336,10,1,0
BRDA:339,11,0,0
BRDA:339,11,1,0
BRDA:343,12,0,0
BRDA:343,12,1,0
BRF:26
BRH:1
end_of_record
TN:
SF:/Users/zhangqi/work/projects/assets/admin/src/app/routes/contract/sign/sign.component.ts
FN:22,(anonymous_0)
FN:89,SignComponent
FN:79,(anonymous_2)
FN:102,(anonymous_3)
FN:104,(anonymous_4)
FN:106,(anonymous_5)
FN:150,(anonymous_6)
FN:161,(anonymous_7)
FN:167,(anonymous_8)
FN:173,(anonymous_9)
FN:180,(anonymous_10)
FN:188,(anonymous_11)
FN:204,(anonymous_12)
FN:209,(anonymous_13)
FN:214,(anonymous_14)
FN:220,(anonymous_15)
FN:230,(anonymous_16)
FN:245,(anonymous_17)
FN:247,(anonymous_18)
FN:249,(anonymous_19)
FN:264,(anonymous_20)
FNF:21
FNH:5
FNDA:1,(anonymous_0)
FNDA:3,SignComponent
FNDA:0,(anonymous_2)
FNDA:4,(anonymous_3)
FNDA:4,(anonymous_4)
FNDA:4,(anonymous_5)
FNDA:0,(anonymous_6)
FNDA:0,(anonymous_7)
FNDA:0,(anonymous_8)
FNDA:0,(anonymous_9)
FNDA:0,(anonymous_10)
FNDA:0,(anonymous_11)
FNDA:0,(anonymous_12)
FNDA:0,(anonymous_13)
FNDA:0,(anonymous_14)
FNDA:0,(anonymous_15)
FNDA:0,(anonymous_16)
FNDA:0,(anonymous_17)
FNDA:0,(anonymous_18)
FNDA:0,(anonymous_19)
FNDA:0,(anonymous_20)
DA:1,1
DA:9,1
DA:10,1
DA:13,1
DA:14,1
DA:22,1
DA:24,3
DA:28,3
DA:29,3
DA:30,3
DA:31,3
DA:32,3
DA:33,3
DA:34,3
DA:35,3
DA:55,3
DA:77,3
DA:82,3
DA:90,3
DA:91,3
DA:92,3
DA:93,3
DA:94,3
DA:96,3
DA:97,3
DA:102,4
DA:103,4
DA:105,4
DA:106,4
DA:107,4
DA:109,4
DA:110,4
DA:113,4
DA:150,1
DA:152,0
DA:153,0
DA:154,0
DA:156,0
DA:157,0
DA:161,1
DA:162,0
DA:163,0
DA:164,0
DA:166,0
DA:168,0
DA:173,1
DA:174,0
DA:175,0
DA:180,1
DA:181,0
DA:182,0
DA:183,0
DA:184,0
DA:185,0
DA:189,0
DA:190,0
DA:191,0
DA:193,0
DA:194,0
DA:197,0
DA:204,1
DA:205,0
DA:209,1
DA:210,0
DA:211,0
DA:214,1
DA:215,0
DA:216,0
DA:217,0
DA:218,0
DA:220,0
DA:221,0
DA:222,0
DA:225,0
DA:226,0
DA:227,0
DA:229,0
DA:231,0
DA:232,0
DA:233,0
DA:235,0
DA:245,1
DA:246,0
DA:248,0
DA:249,0
DA:250,0
DA:251,0
DA:253,0
DA:254,0
DA:257,0
DA:264,1
DA:265,0
DA:266,0
DA:272,0
DA:278,0
DA:281,1
LF:96
LH:43
BRDA:109,0,0,4
BRDA:109,0,1,0
BRDA:156,1,0,0
BRDA:156,1,1,0
BRDA:189,2,0,0
BRDA:189,2,1,0
BRDA:190,3,0,0
BRDA:190,3,1,0
BRDA:216,4,0,0
BRDA:216,4,1,0
BRDA:221,5,0,0
BRDA:221,5,1,0
BRDA:226,6,0,0
BRDA:226,6,1,0
BRDA:232,7,0,0
BRDA:232,7,1,0
BRDA:250,8,0,0
BRDA:250,8,1,0
BRDA:265,9,0,0
BRDA:265,9,1,0
BRF:20
BRH:1
end_of_record
TN:
SF:/Users/zhangqi/work/projects/assets/admin/src/app/routes/dashboard/dashboard.component.ts
FN:17,(anonymous_0)
FN:40,DashboardComponent
FN:42,(anonymous_2)
FN:47,(anonymous_3)
FN:60,(anonymous_4)
FN:66,(anonymous_5)
FN:72,(anonymous_6)
FN:85,(anonymous_7)
FN:91,(anonymous_8)
FN:95,(anonymous_9)
FN:98,(anonymous_10)
FN:104,(anonymous_11)
FNF:12
FNH:2
FNDA:1,(anonymous_0)
FNDA:3,DashboardComponent
FNDA:0,(anonymous_2)
FNDA:0,(anonymous_3)
FNDA:0,(anonymous_4)
FNDA:0,(anonymous_5)
FNDA:0,(anonymous_6)
FNDA:0,(anonymous_7)
FNDA:0,(anonymous_8)
FNDA:0,(anonymous_9)
FNDA:0,(anonymous_10)
FNDA:0,(anonymous_11)
DA:1,1
DA:7,1
DA:8,1
DA:9,1
DA:17,1
DA:18,3
DA:19,3
DA:22,3
DA:29,3
DA:40,3
DA:42,1
DA:43,0
DA:46,0
DA:48,0
DA:49,0
DA:50,0
DA:52,0
DA:53,0
DA:54,0
DA:55,0
DA:58,0
DA:61,0
DA:66,0
DA:71,0
DA:73,0
DA:74,0
DA:75,0
DA:77,0
DA:78,0
DA:79,0
DA:80,0
DA:83,0
DA:86,0
DA:91,0
DA:95,0
DA:96,0
DA:97,0
DA:98,0
DA:100,0
DA:104,1
DA:105,0
DA:107,1
LF:42
LH:13
BRDA:49,0,0,0
BRDA:49,0,1,0
BRDA:50,1,0,0
BRDA:50,1,1,0
BRDA:52,2,0,0
BRDA:52,2,1,0
BRDA:54,3,0,0
BRDA:54,3,1,0
BRDA:74,4,0,0
BRDA:74,4,1,0
BRDA:75,5,0,0
BRDA:75,5,1,0
BRDA:77,6,0,0
BRDA:77,6,1,0
BRDA:79,7,0,0
BRDA:79,7,1,0
BRF:16
BRH:0
end_of_record
TN:
SF:/Users/zhangqi/work/projects/assets/admin/src/app/routes/testing/test.contract.service.ts
FN:7,(anonymous_0)
FN:8,TestContractService
FN:12,(anonymous_2)
FN:13,(anonymous_3)
FN:25,(anonymous_4)
FN:26,(anonymous_5)
FNF:6
FNH:4
FNDA:1,(anonymous_0)
FNDA:15,TestContractService
FNDA:17,(anonymous_2)
FNDA:17,(anonymous_3)
FNDA:0,(anonymous_4)
FNDA:0,(anonymous_5)
DA:1,1
DA:4,1
DA:5,1
DA:7,1
DA:12,1
DA:13,17
DA:14,17
DA:15,17
DA:16,17
DA:17,17
DA:19,17
DA:25,1
DA:26,0
DA:27,0
DA:34,1
LF:15
LH:13
BRDA:9,0,0,15
BRDA:9,0,1,15
BRDA:16,1,0,17
BRDA:16,1,1,0
BRDA:16,2,0,17
BRDA:16,2,1,0
BRF:6
BRH:4
end_of_record
TN:
SF:/Users/zhangqi/work/projects/assets/admin/src/app/shared/index.ts
FNF:0
FNH:0
DA:4,1
DA:7,1
LF:2
LH:2
BRF:0
BRH:0
end_of_record
TN:
SF:/Users/zhangqi/work/projects/assets/admin/src/app/shared/shared.module.ts
FN:71,(anonymous_0)
FNF:1
FNH:1
FNDA:16,(anonymous_0)
DA:1,1
DA:2,1
DA:3,1
DA:4,1
DA:6,1
DA:7,1
DA:8,1
DA:9,1
DA:10,1
DA:12,1
DA:15,1
DA:16,1
DA:17,1
DA:18,1
DA:20,1
DA:29,1
DA:30,1
DA:71,1
LF:18
LH:18
BRF:0
BRH:0
end_of_record
TN:
SF:/Users/zhangqi/work/projects/assets/admin/src/app/shared/utils/yuan.ts
FN:6,yuan
FNF:1
FNH:0
FNDA:0,yuan
DA:6,1
DA:7,0
DA:8,0
LF:3
LH:1
BRDA:6,0,0,0
BRDA:6,0,1,0
BRDA:7,1,0,0
BRDA:7,1,1,0
BRF:4
BRH:0
end_of_record
